  aircraft.cpp
  aircraftEngine.cpp
C:\Repositories\scartraft\Scartraft Revamp MSVC10\allegro5\internal\alconfig.h(28,10): error C1083:  Cannot open include file: 'allegro5/platform/alplatf.h': No such file or directory
  assaultViking.cpp
C:\Repositories\scartraft\Scartraft Revamp MSVC10\allegro5\internal\alconfig.h(28,10): error C1083:  Cannot open include file: 'allegro5/platform/alplatf.h': No such file or directory
  bitmapLoader.cpp
C:\Repositories\scartraft\Scartraft Revamp MSVC10\allegro5\internal\alconfig.h(28,10): error C1083:  Cannot open include file: 'allegro5/platform/alplatf.h': No such file or directory
  bullet.cpp
C:\Repositories\scartraft\Scartraft Revamp MSVC10\allegro5\internal\alconfig.h(28,10): error C1083:  Cannot open include file: 'allegro5/platform/alplatf.h': No such file or directory
  bunker.cpp
C:\Repositories\scartraft\Scartraft Revamp MSVC10\allegro5\internal\alconfig.h(28,10): error C1083:  Cannot open include file: 'allegro5/platform/alplatf.h': No such file or directory
  clock.cpp
C:\Repositories\scartraft\Scartraft Revamp MSVC10\allegro5\internal\alconfig.h(28,10): error C1083:  Cannot open include file: 'allegro5/platform/alplatf.h': No such file or directory
  colossus.cpp
C:\Repositories\scartraft\Scartraft Revamp MSVC10\allegro5\internal\alconfig.h(28,10): error C1083:  Cannot open include file: 'allegro5/platform/alplatf.h': No such file or directory
  creep.cpp
C:\Repositories\scartraft\Scartraft Revamp MSVC10\allegro5\internal\alconfig.h(28,10): error C1083:  Cannot open include file: 'allegro5/platform/alplatf.h': No such file or directory
  creepengine.cpp
C:\Repositories\scartraft\Scartraft Revamp MSVC10\allegro5\internal\alconfig.h(28,10): error C1083:  Cannot open include file: 'allegro5/platform/alplatf.h': No such file or directory
  Explosion.cpp
C:\Repositories\scartraft\Scartraft Revamp MSVC10\allegro5\internal\alconfig.h(28,10): error C1083:  Cannot open include file: 'allegro5/platform/alplatf.h': No such file or directory
  hydralisk.cpp
C:\Repositories\scartraft\Scartraft Revamp MSVC10\allegro5\internal\alconfig.h(28,10): error C1083:  Cannot open include file: 'allegro5/platform/alplatf.h': No such file or directory
  init.cpp
C:\Repositories\scartraft\Scartraft Revamp MSVC10\allegro5\internal\alconfig.h(28,10): error C1083:  Cannot open include file: 'allegro5/platform/alplatf.h': No such file or directory
  input.cpp
C:\Repositories\scartraft\Scartraft Revamp MSVC10\allegro5\internal\alconfig.h(28,10): error C1083:  Cannot open include file: 'allegro5/platform/alplatf.h': No such file or directory
  main.cpp
C:\Repositories\scartraft\Scartraft Revamp MSVC10\allegro5\internal\alconfig.h(28,10): error C1083:  Cannot open include file: 'allegro5/platform/alplatf.h': No such file or directory
  marine.cpp
C:\Repositories\scartraft\Scartraft Revamp MSVC10\allegro5\internal\alconfig.h(28,10): error C1083:  Cannot open include file: 'allegro5/platform/alplatf.h': No such file or directory
  plot.cpp
C:\Repositories\scartraft\Scartraft Revamp MSVC10\allegro5\internal\alconfig.h(28,10): error C1083:  Cannot open include file: 'allegro5/platform/alplatf.h': No such file or directory
  SFX.cpp
C:\Repositories\scartraft\Scartraft Revamp MSVC10\allegro5\internal\alconfig.h(28,10): error C1083:  Cannot open include file: 'allegro5/platform/alplatf.h': No such file or directory
  siegetank.cpp
C:\Repositories\scartraft\Scartraft Revamp MSVC10\allegro5\internal\alconfig.h(28,10): error C1083:  Cannot open include file: 'allegro5/platform/alplatf.h': No such file or directory
  soundLoader.cpp
C:\Repositories\scartraft\Scartraft Revamp MSVC10\allegro5\internal\alconfig.h(28,10): error C1083:  Cannot open include file: 'allegro5/platform/alplatf.h': No such file or directory
  Compiling...
  Structure.cpp
C:\Repositories\scartraft\Scartraft Revamp MSVC10\allegro5\internal\alconfig.h(28,10): error C1083:  Cannot open include file: 'allegro5/platform/alplatf.h': No such file or directory
  thor.cpp
C:\Repositories\scartraft\Scartraft Revamp MSVC10\allegro5\internal\alconfig.h(28,10): error C1083:  Cannot open include file: 'allegro5/platform/alplatf.h': No such file or directory
  tower.cpp
C:\Repositories\scartraft\Scartraft Revamp MSVC10\allegro5\internal\alconfig.h(28,10): error C1083:  Cannot open include file: 'allegro5/platform/alplatf.h': No such file or directory
  towerEngine.cpp
C:\Repositories\scartraft\Scartraft Revamp MSVC10\allegro5\internal\alconfig.h(28,10): error C1083:  Cannot open include file: 'allegro5/platform/alplatf.h': No such file or directory
  turret.cpp
C:\Repositories\scartraft\Scartraft Revamp MSVC10\allegro5\internal\alconfig.h(28,10): error C1083:  Cannot open include file: 'allegro5/platform/alplatf.h': No such file or directory
  viking.cpp
C:\Repositories\scartraft\Scartraft Revamp MSVC10\allegro5\internal\alconfig.h(28,10): error C1083:  Cannot open include file: 'allegro5/platform/alplatf.h': No such file or directory
  voidray.cpp
C:\Repositories\scartraft\Scartraft Revamp MSVC10\allegro5\internal\alconfig.h(28,10): error C1083:  Cannot open include file: 'allegro5/platform/alplatf.h': No such file or directory
  zergling.cpp
C:\Repositories\scartraft\Scartraft Revamp MSVC10\allegro5\internal\alconfig.h(28,10): error C1083:  Cannot open include file: 'allegro5/platform/alplatf.h': No such file or directory
C:\Repositories\scartraft\Scartraft Revamp MSVC10\allegro5\internal\alconfig.h(28,10): error C1083:  Cannot open include file: 'allegro5/platform/alplatf.h': No such file or directory
