C:\USERS\MARCELO\DROPBOX\3O PERíODO\PROG 2\SCARTRAFT REVAMP MSVC10 2011-04-25 APRESENTAçãO\RELEASE\SCARTRAFT REVAMP MSVC10.EXE
C:\USERS\MARCELO\DROPBOX\3O PERÍODO\PROG 2\SCARTRAFT REVAMP MSVC10 2011-04-25 APRESENTAÇÃO\RELEASE\SCARTRAFT REVAMP MSVC10.PDB
C:\USERS\MARCELO\DROPBOX\3O PERíODO\PROG 2\SCARTRAFT REVAMP MSVC10 2011-04-25 APRESENTAçãO\SCARTRAFT REVAMP MSVC10\RELEASE\AIRCRAFT.OBJ
C:\USERS\MARCELO\DROPBOX\3O PERíODO\PROG 2\SCARTRAFT REVAMP MSVC10 2011-04-25 APRESENTAçãO\SCARTRAFT REVAMP MSVC10\RELEASE\AIRCRAFTENGINE.OBJ
C:\USERS\MARCELO\DROPBOX\3O PERíODO\PROG 2\SCARTRAFT REVAMP MSVC10 2011-04-25 APRESENTAçãO\SCARTRAFT REVAMP MSVC10\RELEASE\ASSAULTVIKING.OBJ
C:\USERS\MARCELO\DROPBOX\3O PERíODO\PROG 2\SCARTRAFT REVAMP MSVC10 2011-04-25 APRESENTAçãO\SCARTRAFT REVAMP MSVC10\RELEASE\BITMAPLOADER.OBJ
C:\USERS\MARCELO\DROPBOX\3O PERíODO\PROG 2\SCARTRAFT REVAMP MSVC10 2011-04-25 APRESENTAçãO\SCARTRAFT REVAMP MSVC10\RELEASE\BULLET.OBJ
C:\USERS\MARCELO\DROPBOX\3O PERíODO\PROG 2\SCARTRAFT REVAMP MSVC10 2011-04-25 APRESENTAçãO\SCARTRAFT REVAMP MSVC10\RELEASE\BUNKER.OBJ
C:\Users\Marcelo\Dropbox\3o Período\Prog 2\Scartraft Revamp MSVC10 2011-04-25 Apresentação\Scartraft Revamp MSVC10\Release\cl.command.1 (Marcelo-Netbook's conflicted copy 2011-06-11).tlog
C:\Users\Marcelo\Dropbox\3o Período\Prog 2\Scartraft Revamp MSVC10 2011-04-25 Apresentação\Scartraft Revamp MSVC10\Release\cl.command.1.tlog
C:\Users\Marcelo\Dropbox\3o Período\Prog 2\Scartraft Revamp MSVC10 2011-04-25 Apresentação\Scartraft Revamp MSVC10\Release\CL.read.1 (Marcelo-Netbook's conflicted copy 2011-06-11).tlog
C:\Users\Marcelo\Dropbox\3o Período\Prog 2\Scartraft Revamp MSVC10 2011-04-25 Apresentação\Scartraft Revamp MSVC10\Release\CL.read.1.tlog
C:\Users\Marcelo\Dropbox\3o Período\Prog 2\Scartraft Revamp MSVC10 2011-04-25 Apresentação\Scartraft Revamp MSVC10\Release\CL.write.1 (Marcelo-Netbook's conflicted copy 2011-06-11).tlog
C:\Users\Marcelo\Dropbox\3o Período\Prog 2\Scartraft Revamp MSVC10 2011-04-25 Apresentação\Scartraft Revamp MSVC10\Release\CL.write.1.tlog
C:\USERS\MARCELO\DROPBOX\3O PERíODO\PROG 2\SCARTRAFT REVAMP MSVC10 2011-04-25 APRESENTAçãO\SCARTRAFT REVAMP MSVC10\RELEASE\CLOCK.OBJ
C:\USERS\MARCELO\DROPBOX\3O PERíODO\PROG 2\SCARTRAFT REVAMP MSVC10 2011-04-25 APRESENTAçãO\SCARTRAFT REVAMP MSVC10\RELEASE\COLOSSUS.OBJ
C:\USERS\MARCELO\DROPBOX\3O PERíODO\PROG 2\SCARTRAFT REVAMP MSVC10 2011-04-25 APRESENTAçãO\SCARTRAFT REVAMP MSVC10\RELEASE\CREEP.OBJ
C:\Users\Marcelo\Dropbox\3o Período\Prog 2\Scartraft Revamp MSVC10 2011-04-25 Apresentação\Scartraft Revamp MSVC10\Release\creepengine (Marcelo-Netbook's conflicted copy 2011-06-11).obj
C:\USERS\MARCELO\DROPBOX\3O PERíODO\PROG 2\SCARTRAFT REVAMP MSVC10 2011-04-25 APRESENTAçãO\SCARTRAFT REVAMP MSVC10\RELEASE\CREEPENGINE.OBJ
C:\USERS\MARCELO\DROPBOX\3O PERíODO\PROG 2\SCARTRAFT REVAMP MSVC10 2011-04-25 APRESENTAçãO\SCARTRAFT REVAMP MSVC10\RELEASE\ERRECE.RES
C:\USERS\MARCELO\DROPBOX\3O PERíODO\PROG 2\SCARTRAFT REVAMP MSVC10 2011-04-25 APRESENTAçãO\SCARTRAFT REVAMP MSVC10\RELEASE\EXPLOSION.OBJ
C:\USERS\MARCELO\DROPBOX\3O PERíODO\PROG 2\SCARTRAFT REVAMP MSVC10 2011-04-25 APRESENTAçãO\SCARTRAFT REVAMP MSVC10\RELEASE\HYDRALISK.OBJ
C:\USERS\MARCELO\DROPBOX\3O PERíODO\PROG 2\SCARTRAFT REVAMP MSVC10 2011-04-25 APRESENTAçãO\SCARTRAFT REVAMP MSVC10\RELEASE\INIT.OBJ
C:\USERS\MARCELO\DROPBOX\3O PERíODO\PROG 2\SCARTRAFT REVAMP MSVC10 2011-04-25 APRESENTAçãO\SCARTRAFT REVAMP MSVC10\RELEASE\INPUT.OBJ
C:\Users\Marcelo\Dropbox\3o Período\Prog 2\Scartraft Revamp MSVC10 2011-04-25 Apresentação\Scartraft Revamp MSVC10\Release\link.command.1.tlog
C:\Users\Marcelo\Dropbox\3o Período\Prog 2\Scartraft Revamp MSVC10 2011-04-25 Apresentação\Scartraft Revamp MSVC10\Release\link.read.1.tlog
C:\Users\Marcelo\Dropbox\3o Período\Prog 2\Scartraft Revamp MSVC10 2011-04-25 Apresentação\Scartraft Revamp MSVC10\Release\link.write.1.tlog
C:\Users\Marcelo\Dropbox\3o Período\Prog 2\Scartraft Revamp MSVC10 2011-04-25 Apresentação\Scartraft Revamp MSVC10\Release\link-cvtres.read.1.tlog
C:\Users\Marcelo\Dropbox\3o Período\Prog 2\Scartraft Revamp MSVC10 2011-04-25 Apresentação\Scartraft Revamp MSVC10\Release\link-cvtres.write.1.tlog
C:\USERS\MARCELO\DROPBOX\3O PERíODO\PROG 2\SCARTRAFT REVAMP MSVC10 2011-04-25 APRESENTAçãO\SCARTRAFT REVAMP MSVC10\RELEASE\MAIN.OBJ
C:\USERS\MARCELO\DROPBOX\3O PERíODO\PROG 2\SCARTRAFT REVAMP MSVC10 2011-04-25 APRESENTAçãO\SCARTRAFT REVAMP MSVC10\RELEASE\MARINE.OBJ
C:\Users\Marcelo\Dropbox\3o Período\Prog 2\Scartraft Revamp MSVC10 2011-04-25 Apresentação\Scartraft Revamp MSVC10\Release\mt.command.1.tlog
C:\Users\Marcelo\Dropbox\3o Período\Prog 2\Scartraft Revamp MSVC10 2011-04-25 Apresentação\Scartraft Revamp MSVC10\Release\mt.read.1 (Marcelo-Netbook's conflicted copy 2011-06-11).tlog
C:\Users\Marcelo\Dropbox\3o Período\Prog 2\Scartraft Revamp MSVC10 2011-04-25 Apresentação\Scartraft Revamp MSVC10\Release\mt.read.1.tlog
C:\Users\Marcelo\Dropbox\3o Período\Prog 2\Scartraft Revamp MSVC10 2011-04-25 Apresentação\Scartraft Revamp MSVC10\Release\mt.write.1.tlog
C:\USERS\MARCELO\DROPBOX\3O PERíODO\PROG 2\SCARTRAFT REVAMP MSVC10 2011-04-25 APRESENTAçãO\SCARTRAFT REVAMP MSVC10\RELEASE\PLOT.OBJ
C:\Users\Marcelo\Dropbox\3o Período\Prog 2\Scartraft Revamp MSVC10 2011-04-25 Apresentação\Scartraft Revamp MSVC10\Release\rc.command.1.tlog
C:\Users\Marcelo\Dropbox\3o Período\Prog 2\Scartraft Revamp MSVC10 2011-04-25 Apresentação\Scartraft Revamp MSVC10\Release\rc.read.1.tlog
C:\Users\Marcelo\Dropbox\3o Período\Prog 2\Scartraft Revamp MSVC10 2011-04-25 Apresentação\Scartraft Revamp MSVC10\Release\rc.write.1.tlog
C:\USERS\MARCELO\DROPBOX\3O PERíODO\PROG 2\SCARTRAFT REVAMP MSVC10 2011-04-25 APRESENTAçãO\SCARTRAFT REVAMP MSVC10\RELEASE\SCARTRAFT REVAMP MSVC10.EXE.INTERMEDIATE.MANIFEST
C:\USERS\MARCELO\DROPBOX\3O PERíODO\PROG 2\SCARTRAFT REVAMP MSVC10 2011-04-25 APRESENTAçãO\SCARTRAFT REVAMP MSVC10\RELEASE\SFX.OBJ
C:\USERS\MARCELO\DROPBOX\3O PERíODO\PROG 2\SCARTRAFT REVAMP MSVC10 2011-04-25 APRESENTAçãO\SCARTRAFT REVAMP MSVC10\RELEASE\SIEGETANK.OBJ
C:\USERS\MARCELO\DROPBOX\3O PERíODO\PROG 2\SCARTRAFT REVAMP MSVC10 2011-04-25 APRESENTAçãO\SCARTRAFT REVAMP MSVC10\RELEASE\SOUNDLOADER.OBJ
C:\USERS\MARCELO\DROPBOX\3O PERíODO\PROG 2\SCARTRAFT REVAMP MSVC10 2011-04-25 APRESENTAçãO\SCARTRAFT REVAMP MSVC10\RELEASE\STRUCTURE.OBJ
C:\USERS\MARCELO\DROPBOX\3O PERíODO\PROG 2\SCARTRAFT REVAMP MSVC10 2011-04-25 APRESENTAçãO\SCARTRAFT REVAMP MSVC10\RELEASE\THOR.OBJ
C:\USERS\MARCELO\DROPBOX\3O PERíODO\PROG 2\SCARTRAFT REVAMP MSVC10 2011-04-25 APRESENTAçãO\SCARTRAFT REVAMP MSVC10\RELEASE\TOWER.OBJ
C:\USERS\MARCELO\DROPBOX\3O PERíODO\PROG 2\SCARTRAFT REVAMP MSVC10 2011-04-25 APRESENTAçãO\SCARTRAFT REVAMP MSVC10\RELEASE\TOWERENGINE.OBJ
C:\USERS\MARCELO\DROPBOX\3O PERíODO\PROG 2\SCARTRAFT REVAMP MSVC10 2011-04-25 APRESENTAçãO\SCARTRAFT REVAMP MSVC10\RELEASE\TURRET.OBJ
C:\Users\Marcelo\Dropbox\3o Período\Prog 2\Scartraft Revamp MSVC10 2011-04-25 Apresentação\Scartraft Revamp MSVC10\Release\vc100 (Marcelo-Netbook's conflicted copy 2011-06-11).pdb
C:\USERS\MARCELO\DROPBOX\3O PERÍODO\PROG 2\SCARTRAFT REVAMP MSVC10 2011-04-25 APRESENTAÇÃO\SCARTRAFT REVAMP MSVC10\RELEASE\VC100.PDB
C:\Users\Marcelo\Dropbox\3o Período\Prog 2\Scartraft Revamp MSVC10 2011-04-25 Apresentação\Scartraft Revamp MSVC10\Release\viking (Marcelo-Netbook's conflicted copy 2011-06-11).obj
C:\USERS\MARCELO\DROPBOX\3O PERíODO\PROG 2\SCARTRAFT REVAMP MSVC10 2011-04-25 APRESENTAçãO\SCARTRAFT REVAMP MSVC10\RELEASE\VIKING.OBJ
C:\USERS\MARCELO\DROPBOX\3O PERíODO\PROG 2\SCARTRAFT REVAMP MSVC10 2011-04-25 APRESENTAçãO\SCARTRAFT REVAMP MSVC10\RELEASE\VOIDRAY.OBJ
C:\USERS\MARCELO\DROPBOX\3O PERíODO\PROG 2\SCARTRAFT REVAMP MSVC10 2011-04-25 APRESENTAçãO\SCARTRAFT REVAMP MSVC10\RELEASE\ZERGLING.OBJ
