Build started 09/06/2011 19:40:24.
     1>Project "C:\Users\Marcelo\Dropbox\3o Período\Prog 2\Scartraft Revamp MSVC10 2011-04-25 Apresentação\Scartraft Revamp MSVC10\Scartraft Revamp MSVC10.vcxproj" on node 2 (build target(s)).
     1>InitializeBuildStatus:
         Creating "Release\Scartraft Revamp MSVC10.unsuccessfulbuild" because "AlwaysCreate" was specified.
       ClCompile:
         C:\Program Files\Microsoft Visual Studio 10.0\VC\bin\CL.exe /c /Zi /nologo /W3 /WX- /O2 /Oi /Oy- /GL /D WIN32 /D NDEBUG /D _WINDOWS /D _UNICODE /D UNICODE /Gm- /EHsc /MD /GS /Gy /fp:precise /Zc:wchar_t /Zc:forScope /Fo"Release\\" /Fd"Release\vc100.pdb" /Gd /TP /analyze- /errorReport:prompt creepengine.cpp
         creepengine.cpp
       ResourceCompile:
         All outputs are up-to-date.
       Link:
         C:\Program Files\Microsoft Visual Studio 10.0\VC\bin\link.exe /ERRORREPORT:PROMPT /OUT:"C:\Users\Marcelo\Dropbox\3o Período\Prog 2\Scartraft Revamp MSVC10 2011-04-25 Apresentação\Release\Scartraft Revamp MSVC10.exe" /INCREMENTAL:NO /NOLOGO "allegro-5.0.1-monolith-mt.lib" kernel32.lib user32.lib gdi32.lib winspool.lib comdlg32.lib advapi32.lib shell32.lib ole32.lib oleaut32.lib uuid.lib odbc32.lib odbccp32.lib kernel32.lib user32.lib gdi32.lib winspool.lib comdlg32.lib advapi32.lib shell32.lib ole32.lib oleaut32.lib uuid.lib odbc32.lib odbccp32.lib /MANIFEST /ManifestFile:"Release\Scartraft Revamp MSVC10.exe.intermediate.manifest" /MANIFESTUAC:"level='asInvoker' uiAccess='false'" /DEBUG /PDB:"C:\Users\Marcelo\Dropbox\3o Período\Prog 2\Scartraft Revamp MSVC10 2011-04-25 Apresentação\Release\Scartraft Revamp MSVC10.pdb" /SUBSYSTEM:WINDOWS /OPT:REF /OPT:ICF /LTCG /TLBID:1 /DYNAMICBASE /NXCOMPAT /IMPLIB:"C:\Users\Marcelo\Dropbox\3o Período\Prog 2\Scartraft Revamp MSVC10 2011-04-25 Apresentação\Release\Scartraft Revamp MSVC10.lib" /MACHINE:X86 Release\errece.res
         Release\aircraft.obj
         Release\aircraftEngine.obj
         Release\assaultViking.obj
         Release\bitmapLoader.obj
         Release\bullet.obj
         Release\bunker.obj
         Release\clock.obj
         Release\colossus.obj
         Release\creep.obj
         Release\creepengine.obj
         Release\Explosion.obj
         Release\hydralisk.obj
         Release\init.obj
         Release\input.obj
         Release\main.obj
         Release\marine.obj
         Release\plot.obj
         Release\SFX.obj
         Release\siegetank.obj
         Release\soundLoader.obj
         Release\Structure.obj
         Release\thor.obj
         Release\tower.obj
         Release\towerEngine.obj
         Release\turret.obj
         Release\viking.obj
         Release\voidray.obj
         Release\zergling.obj
         Generating code
         Finished generating code
         Scartraft Revamp MSVC10.vcxproj -> C:\Users\Marcelo\Dropbox\3o Período\Prog 2\Scartraft Revamp MSVC10 2011-04-25 Apresentação\Release\Scartraft Revamp MSVC10.exe
       Manifest:
         C:\Program Files\Microsoft SDKs\Windows\v7.0A\bin\mt.exe /nologo /verbose /outputresource:"C:\Users\Marcelo\Dropbox\3o Período\Prog 2\Scartraft Revamp MSVC10 2011-04-25 Apresentação\Release\Scartraft Revamp MSVC10.exe;#1" /manifest "Release\Scartraft Revamp MSVC10.exe.intermediate.manifest"
       FinalizeBuildStatus:
         Deleting file "Release\Scartraft Revamp MSVC10.unsuccessfulbuild".
         Touching "Release\Scartraft Revamp MSVC10.lastbuildstate".
     1>Done Building Project "C:\Users\Marcelo\Dropbox\3o Período\Prog 2\Scartraft Revamp MSVC10 2011-04-25 Apresentação\Scartraft Revamp MSVC10\Scartraft Revamp MSVC10.vcxproj" (build target(s)).

Build succeeded.

Time Elapsed 00:00:20.15
