Build started 6/9/2011 4:17:02 PM.
     1>Project "C:\Users\Marcelo\Dropbox\3o Período\Prog 2\Scartraft Revamp MSVC10 2011-04-25 Apresentação\Scartraft Revamp MSVC10\Scartraft Revamp MSVC10.vcxproj" on node 2 (build target(s)).
     1>InitializeBuildStatus:
         Touching "Debug\Scartraft Revamp MSVC10.unsuccessfulbuild".
       ClCompile:
         C:\Program Files (x86)\Microsoft Visual Studio 10.0\VC\bin\CL.exe /c /ZI /nologo /W3 /WX- /Od /Oy- /D WIN32 /D _DEBUG /D _WINDOWS /D _UNICODE /D UNICODE /Gm /EHsc /RTC1 /MTd /GS /fp:precise /Zc:wchar_t /Zc:forScope /Fo"Debug\\" /Fd"Debug\vc100.pdb" /Gd /TP /analyze- /errorReport:prompt plot.cpp
         plot.cpp
       ResourceCompile:
         All outputs are up-to-date.
       ManifestResourceCompile:
         All outputs are up-to-date.
       Link:
         C:\Program Files (x86)\Microsoft Visual Studio 10.0\VC\bin\link.exe /ERRORREPORT:PROMPT /OUT:"C:\Users\Marcelo\Dropbox\3o Período\Prog 2\Scartraft Revamp MSVC10 2011-04-25 Apresentação\Debug\Scartraft Revamp MSVC10.exe" /INCREMENTAL /NOLOGO "allegro-5.0.1-monolith-mt-debug.lib" kernel32.lib user32.lib gdi32.lib winspool.lib comdlg32.lib advapi32.lib shell32.lib ole32.lib oleaut32.lib uuid.lib odbc32.lib odbccp32.lib kernel32.lib user32.lib gdi32.lib winspool.lib comdlg32.lib advapi32.lib shell32.lib ole32.lib oleaut32.lib uuid.lib odbc32.lib odbccp32.lib /MANIFEST /ManifestFile:"Debug\Scartraft Revamp MSVC10.exe.intermediate.manifest" /MANIFESTUAC:"level='asInvoker' uiAccess='false'" /DEBUG /PDB:"C:\Users\Marcelo\Dropbox\3o Período\Prog 2\Scartraft Revamp MSVC10 2011-04-25 Apresentação\Debug\Scartraft Revamp MSVC10.pdb" /SUBSYSTEM:WINDOWS /TLBID:1 /DYNAMICBASE /NXCOMPAT /IMPLIB:"C:\Users\Marcelo\Dropbox\3o Período\Prog 2\Scartraft Revamp MSVC10 2011-04-25 Apresentação\Debug\Scartraft Revamp MSVC10.lib" /MACHINE:X86 Debug\errece.res
         "Debug\Scartraft Revamp MSVC10.exe.embed.manifest.res"
         Debug\aircraft.obj
         Debug\aircraftEngine.obj
         Debug\assaultViking.obj
         Debug\bitmapLoader.obj
         Debug\bullet.obj
         Debug\bunker.obj
         Debug\clock.obj
         Debug\colossus.obj
         Debug\creep.obj
         Debug\creepengine.obj
         Debug\Explosion.obj
         Debug\hydralisk.obj
         Debug\init.obj
         Debug\input.obj
         Debug\main.obj
         Debug\marine.obj
         Debug\plot.obj
         Debug\SFX.obj
         Debug\siegetank.obj
         Debug\soundLoader.obj
         Debug\Structure.obj
         Debug\thor.obj
         Debug\tower.obj
         Debug\towerEngine.obj
         Debug\turret.obj
         Debug\viking.obj
         Debug\voidray.obj
         Debug\zergling.obj
       Manifest:
         C:\Program Files (x86)\Microsoft SDKs\Windows\v7.0A\bin\mt.exe /nologo /verbose /out:"Debug\Scartraft Revamp MSVC10.exe.embed.manifest" /manifest "Debug\Scartraft Revamp MSVC10.exe.intermediate.manifest"
         All outputs are up-to-date.
       LinkEmbedManifest:
         All outputs are up-to-date.
         Scartraft Revamp MSVC10.vcxproj -> C:\Users\Marcelo\Dropbox\3o Período\Prog 2\Scartraft Revamp MSVC10 2011-04-25 Apresentação\Debug\Scartraft Revamp MSVC10.exe
       FinalizeBuildStatus:
         Deleting file "Debug\Scartraft Revamp MSVC10.unsuccessfulbuild".
         Touching "Debug\Scartraft Revamp MSVC10.lastbuildstate".
     1>Done Building Project "C:\Users\Marcelo\Dropbox\3o Período\Prog 2\Scartraft Revamp MSVC10 2011-04-25 Apresentação\Scartraft Revamp MSVC10\Scartraft Revamp MSVC10.vcxproj" (build target(s)).

Build succeeded.

Time Elapsed 00:00:02.37
